make.exe all --print-data-base --no-builtin-variables --no-builtin-rules --question
make: *** No rule to make target 'all'.  Stop.

# GNU Make 4.3
# Built for Windows32
# Copyright (C) 1988-2020 Free Software Foundation, Inc.
# License GPLv3+: GNU GPL version 3 or later <http://gnu.org/licenses/gpl.html>
# This is free software: you are free to change and redistribute it.
# There is NO WARRANTY, to the extent permitted by law.

# Make data base, printed on Fri May 06 22:25:39 2022

# Variables

# environment
FPS_BROWSER_APP_PROFILE_STRING = Internet Explorer
# environment
SYSTEMDRIVE = C:
# environment
JAVA_HOME = C:\Program Files\Android\Android Studio\jre
# environment
LC_ALL = C
# environment
USERPROFILE = C:\Users\m_ben
# environment
VBOX_MSI_INSTALL_PATH = C:\Program Files\Oracle\VirtualBox\
# environment
LOCALAPPDATA = C:\Users\m_ben\AppData\Local
# environment
VSCODE_IPC_HOOK_EXTHOST = \\.\pipe\vscode-ipc-9f5cf73d-da04-407a-9cf3-8ac0570eafc9-sock
# environment
VSCODE_CWD = C:\Users\m_ben\AppData\Local\Programs\Microsoft VS Code
# environment
CHOCOLATEYINSTALL = C:\ProgramData\chocolatey
# environment
SYSTEMROOT = C:\WINDOWS
# environment
PROCESSOR_LEVEL = 6
# environment
PSMODULEPATH = C:\Users\m_ben\Documents\WindowsPowerShell\Modules;C:\Users\m_ben\AppData\Local\Google\Cloud SDK\google-cloud-sdk\platform\PowerShell
# default
MAKE_COMMAND := C:/ProgramData/chocolatey/lib/make/tools/install/bin/make.exe
# environment
GOPATH = C:\Users\m_ben\go
# automatic
@D = $(patsubst %/,%,$(patsubst %\,%,$(dir $@)))
# environment
FPS_BROWSER_USER_PROFILE_STRING = Default
# environment
VSCODE_HANDLES_UNCAUGHT_ERRORS = true
# default
.VARIABLES := 
# automatic
%D = $(patsubst %/,%,$(patsubst %\,%,$(dir $%)))
# automatic
^D = $(patsubst %/,%,$(patsubst %\,%,$(dir $^)))
# environment
VSCODE_LOG_STACK = false
# automatic
%F = $(notdir $%)
# environment
VSCODE_CODE_CACHE_PATH = C:\Users\m_ben\AppData\Roaming\Code\CachedData\57fd6d0195bb9b9d1b49f6da5db789060795de47
# environment
LANG = C
# default
.LOADED := 
# environment
TMP = C:\Users\m_ben\AppData\Local\Temp
# default
.INCLUDE_DIRS = .
# environment
PROCESSOR_ARCHITEW6432 = AMD64
# makefile
MAKEFLAGS = pqrR
# environment
ONEDRIVE = C:\Users\m_ben\OneDrive
# environment
POWERSHELL_DISTRIBUTION_CHANNEL = MSI:Windows 10 Pro
# makefile
CURDIR := c:/Users/m_ben/Desktop/e-shop
# environment
VSCODE_PIPE_LOGGING = true
# environment
APPLICATION_INSIGHTS_NO_DIAGNOSTIC_CHANNEL = true
# automatic
*D = $(patsubst %/,%,$(patsubst %\,%,$(dir $*)))
# environment
PROGRAMFILES = C:\Program Files (x86)
# environment
MFLAGS = -pqrR
# default
.SHELLFLAGS := -c
# environment
COMMONPROGRAMW6432 = C:\Program Files\Common Files
# automatic
+D = $(patsubst %/,%,$(patsubst %\,%,$(dir $+)))
# makefile (from 'Makefile', line 1)
MAKEFILE_LIST := Makefile
# automatic
@F = $(notdir $@)
# environment
VSCODE_VERBOSE_LOGGING = true
# environment
VSCODE_PID = 22444
# automatic
?D = $(patsubst %/,%,$(patsubst %\,%,$(dir $?)))
# automatic
*F = $(notdir $*)
# automatic
<D = $(patsubst %/,%,$(patsubst %\,%,$(dir $<)))
# environment
VSCODE_NLS_CONFIG = {"locale":"en-us","availableLanguages":{},"_languagePackSupport":true}
# environment
JD2_HOME = C:\Users\m_ben\AppData\Local\JDownloader 2.0
# environment
ONEDRIVECONSUMER = C:\Users\m_ben\OneDrive
# default
MAKE_HOST := Windows32
# environment
PROGRAMDATA = C:\ProgramData
# default
SHELL := sh.exe
# environment
HOMEPATH = \Users\m_ben
# default
MAKECMDGOALS := all
# environment
RUBYOPT = -Eutf-8
# environment
DRIVERDATA = C:\Windows\System32\Drivers\DriverData
# environment
COMSPEC = C:\WINDOWS\system32\cmd.exe
# environment
WINDIR = C:\WINDOWS
# environment
MAKELEVEL := 0
# default
MAKE = $(MAKE_COMMAND)
# environment
PATH = C:\Python39\Scripts\;C:\Python39\;C:\Program Files\AdoptOpenJDK\jre-16.0.1.9-hotspot\bin;C:\Python38\Scripts\;C:\Python38\;C:\Program Files\Ruby27-x64\bin;C:\Program Files (x86)\Intel\Intel(R) Management Engine Components\iCLS\;C:\Program Files\Intel\Intel(R) Management Engine Components\iCLS\;C:\Windows\system32;C:\Windows;C:\Windows\System32\Wbem;C:\Windows\System32\WindowsPowerShell\v1.0\;C:\Windows\System32\OpenSSH\;C:\Program Files (x86)\Intel\Intel(R) Management Engine Components\DAL;C:\Program Files\Intel\Intel(R) Management Engine Components\DAL;C:\Program Files (x86)\Intel\Intel(R) Management Engine Components\IPT;C:\Program Files\Intel\Intel(R) Management Engine Components\IPT;C:\Program Files (x86)\NVIDIA Corporation\PhysX\Common;C:\Program Files\Intel\WiFi\bin\;C:\Program Files\Common Files\Intel\WirelessCommon\;C:\Program Files\PuTTY\;C:\WINDOWS\system32;C:\WINDOWS;C:\WINDOWS\System32\Wbem;C:\WINDOWS\System32\WindowsPowerShell\v1.0\;C:\WINDOWS\System32\OpenSSH\;C:\Program Files\NVIDIA Corporation\NVIDIA NvDLISR;C:\ProgramData\chocolatey\bin;C:\Program Files\MongoDB\Server\4.4\bin;C:\Users\m_ben\.deno\bin;C:\Program Files\Memurai\;C:\WINDOWS\system32;C:\WINDOWS;C:\WINDOWS\System32\Wbem;C:\WINDOWS\System32\WindowsPowerShell\v1.0\;C:\WINDOWS\System32\OpenSSH\;C:\flutter\bin;C:\flutter\.pub-cache\bin;C:\protoc-3\bin;C:\Program Files (x86)\Yarn\bin\;C:\Program Files\nodejs\;C:\ProgramData\chocolatey\lib\gsudo\bin\;C:\Program Files\Git\cmd;C:\Program Files\PowerShell\7\;C:\Program Files\dotnet\;C:\Program Files\Go\bin;C:\Program Files (x86)\dotnet\;C:\Program Files\Docker\Docker\resources\bin;C:\ProgramData\DockerDesktop\version-bin;C:\Users\m_ben\scoop\shims;C:\Program Files\Ruby27-x64\bin;C:\Users\m_ben\AppData\Local\Microsoft\WindowsApps;C:\Program Files\Intel\WiFi\bin\;C:\Program Files\Common Files\Intel\WirelessCommon\;C:\flutter\bin;C:\Users\m_ben\AppData\Local\Programs\Microsoft VS Code\bin;C:\flutter\.pub-cache\bin;C:\tools\dart-sdk\bin;C:\Users\m_ben\AppData\Roaming\Pub\Cache\bin;C:\Users\m_ben\go\bin;C:\Program Files\OpenSSL-Win64\bin;C:\Users\m_ben\AppData\Local\Yarn\bin;C:\Users\m_ben\AppData\Roaming\npm;C:\Users\m_ben\AppData\Local\Google\Cloud SDK\google-cloud-sdk\bin;C:\Users\m_ben\AppData\Local\Microsoft\WindowsApps;C:\Users\m_ben\go\bin;C:\Users\m_ben\dagger;C:\Users\m_ben\cue;
# environment
COMPUTERNAME = DESKTOP-U6J5EOM
# default
MAKEFILES := 
# automatic
^F = $(notdir $^)
# environment
PROMPT = $P$G
# environment
OPENSSL_CONF = C:\Program Files\OpenSSL-Win64\bin\openssl.cfg
# environment
CHOCOLATEYLASTPATHUPDATE = 132951048748425196
# environment
LOGONSERVER = \\DESKTOP-U6J5EOM
# environment
VSCODE_LOG_NATIVE = false
# environment
USERNAME = m_ben
# environment
COMMONPROGRAMFILES = C:\Program Files (x86)\Common Files
# automatic
?F = $(notdir $?)
# environment
PROGRAMW6432 = C:\Program Files
# environment
PATHEXT = .COM;.EXE;.BAT;.CMD;.VBS;.VBE;.JS;.JSE;.WSF;.WSH;.MSC;.RB;.RBW;.PY;.PYW;.RB;.RBW
# automatic
+F = $(notdir $+)
# environment
ORIGINAL_XDG_CURRENT_DESKTOP = undefined
# environment
USERDOMAIN = DESKTOP-U6J5EOM
# 'override' directive
GNUMAKEFLAGS := 
# environment
OS = Windows_NT
# makefile
.DEFAULT_GOAL := postgres
# default
MAKE_VERSION := 4.3
# environment
PROGRAMFILES(X86) = C:\Program Files (x86)
# environment
USERDOMAIN_ROAMINGPROFILE = DE 
SKTOP-U6J5EOM
# environment
NUMBER_OF_PROCESSORS = 8
# environment
PUBLIC = C:\Users\Public
# environment
ASL.LOG = Destination=file
# environment
APPDATA = C:\Users\m_ben\AppData\Roaming
# environment
HOMEDRIVE = C:
# environment
PROCESSOR_ARCHITECTURE = x86
# environment
GOMODCACHE = C:\Users\m_ben\go\pkg\mod
# environment
VSCODE_AMD_ENTRYPOINT = vs/workbench/api/node/extensionHostProcess
# environment
COMMONPROGRAMFILES(X86) = C:\Program Files (x86)\Common Files
# environment
ELECTRON_RUN_AS_NODE = 1
# environment
TEMP = C:\Users\m_ben\AppData\Local\Temp
# environment
VSCODE_IPC_HOOK = \\.\pipe\64ab825ed5cd12f5d02c0c50c480780d-1.67.0-main-sock
# environment
GOPROXY = https://proxy.golang.org,direct
# default
.RECIPEPREFIX := 
# automatic
<F = $(notdir $<)
# default
SUFFIXES := 
# environment
ALLUSERSPROFILE = C:\ProgramData
# environment
SESSIONNAME = Console
# default
.FEATURES := target-specific order-only second-expansion else-if shortest-stem undefine oneshell nocomment grouped-target extra-prereqs archives jobserver output-sync load
# environment
PROCESSOR_REVISION = 8e0a
# environment
CHOCOLATEYTOOLSLOCATION = C:\tools
# environment
PROCESSOR_IDENTIFIER = Intel64 Family 6 Model 142 Stepping 10, GenuineIntel
# variable set hash-table stats:
# Load=107/1024=10%, Rehash=0, Collisions=10/134=7%

# Pattern-specific Variable Values

# No pattern-specific variable values.

# Directories

# . (key c:/Users/m_ben/Desktop/e-shop, mtime 1651868325): 21 files, no impossibilities.

# 21 files, no impossibilities in 1 directories.

# Implicit Rules

# No implicit rules.

# Files

migratedown:
#  Phony target (prerequisite of .PHONY).
#  Implicit rule search has not been done.
#  File does not exist.
#  File has not been updated.
#  recipe to execute (from 'Makefile', line 17):
	migrate -path db/migration -database "postgresql://postgres:secret@localhost:5555/eshop?sslmode=disable" -verbose down

# Not a target:
Makefile:
#  Implicit rule search has been done.
#  Last modified 2022-02-21 00:32:19
#  File has been updated.
#  Successfully updated.

mock:
#  Phony target (prerequisite of .PHONY).
#  Implicit rule search has not been done.
#  File does not exist.
#  File has not been updated.
#  recipe to execute (from 'Makefile', line 44):
	mockgen --build_flags=--mod=mod -package mockdb -destination db/mock/store.go github.com/DarkHeros09/e-shop/v2/db/sqlc Store

dropdb:
#  Phony target (prerequisite of .PHONY).
#  Implicit rule search has not been done.
#  File does not exist.
#  File has not been updated.
#  recipe to execute (from 'Makefile', line 8):
	docker exec -it postgres14-eshop dropdb eshop

migratedown1:
#  Phony target (prerequisite of .PHONY).
#  Implicit rule search has not been done.
#  File does not exist.
#  File has not been updated.
#  recipe to execute (from 'Makefile', line 20):
	migrate -path db/migration -database "postgresql://postgres:secret@localhost:5555/eshop?sslmode=disable" -verbose down 1

server:
#  Phony target (prerequisite of .PHONY).
#  Implicit rule search has not been done.
#  File does not exist.
#  File has not been updated.
#  recipe to execute (from 'Makefile', line 41):
	go run main.go

migrateup:
#  Phony target (prerequisite of .PHONY).
#  Implicit rule search has not been done.
#  File does not exist.
#  File has not been updated.
#  recipe to execute (from 'Makefile', line 11):
	migrate -path db/migration -database "postgresql://postgres:secret@localhost:5555/eshop?sslmode=disable" -verbose up

sqlcfix:
#  Phony target (prerequisite of .PHONY).
#  Implicit rule search has not been done.
#  File does not exist.
#  File has not been updated.
#  recipe to execute (from 'Makefile', line 35):
	docker run --rm -v ${CURDIR}:/src -w /src kjconroy/sqlc generate

cimigratedown:
#  Phony target (prerequisite of .PHONY).
#  Implicit rule search has not been done.
#  File does not exist.
#  File has not been updated.
#  recipe to execute (from 'Makefile', line 26):
	migrate -path db/migration -database "postgresql://postgres:secret@localhost:5555/eshop?sslmode=disable" -verbose down

# Not a target:
.DEFAULT:
#  Implicit rule search has not been done.
#  Modification time never checked.
#  File has not been updated.

# Not a target:
all:
#  Command line target.
#  Implicit rule search has been done.
#  File does not exist.
#  File has not been updated.

test:
#  Phony target (prerequisite of .PHONY).
#  Implicit rule search has not been done.
#  File does not exist.
#  File has not been updated.
#  recipe to execute (from 'Makefile', line 38):
	go test -v -cover ./...

sqlc:
#  Phony target (prerequisite of .PHONY).
#  Implicit rule search has not been done.
#  File does not exist.
#  File has not been updated.
#  recipe to execute (from 'Makefile', line 29):
	sqlc generate

migrateup1:
#  Phony target (prerequisite of .PHONY).
#  Implicit rule search has not been done.
#  File does not exist.
#  File has not been updated.
#  recipe to execute (from 'Makefile', line 14):
	migrate -path db/migration -database "postgresql://postgres:secret@localhost:5555/eshop?sslmode=disable" -verbose up 1

postgres:
#  Phony target (prerequisite of .PHONY).
#  Implicit rule search has not been done.
#  File does not exist.
#  File has not been updated.
#  recipe to execute (from 'Makefile', line 2):
	docker run --name postgres14-eshop -p 5555:5432 -e POSTGRES_USER=postgres -e POSTGRES_PASSWORD=secret -d postgres:14.1-alpine

sqlcwin:
#  Phony target (prerequisite of .PHONY).
#  Implicit rule search has not been done.
#  File does not exist.
#  File has not been updated.
#  recipe to execute (from 'Makefile', line 32) 
:
	docker run --rm -v ${pwd}:/src -w /src kjconroy/sqlc generate

createdb:
#  Phony target (prerequisite of .PHONY).
#  Implicit rule search has not been done.
#  File does not exist.
#  File has not been updated.
#  recipe to execute (from 'Makefile', line 5):
	docker exec -it postgres14-eshop createdb --username=postgres --owner=postgres eshop

.PHONY: postgres createdb dropdb migrateup migratedown migrateup1 migratedown1 cimigrateup cimigratedown sqlc sqlcfix sqlcwin test server mock
#  Implicit rule search has not been done.
#  Modification time never checked.
#  File has not been updated.

cimigrateup:
#  Phony target (prerequisite of .PHONY).
#  Implicit rule search has not been done.
#  File does not exist.
#  File has not been updated.
#  recipe to execute (from 'Makefile', line 23):
	migrate -path db/migration -database "postgresql://postgres:secret@localhost:5555/eshop?sslmode=disable" -verbose up

# files hash-table stats:
# Load=20/1024=2%, Rehash=0, Collisions=1/45=2%
# VPATH Search Paths

# No 'vpath' search paths.

# No general ('VPATH' variable) search path.

# strcache buffers: 1 (0) / strings = 40 / storage = 372 B / avg = 9 B
# current buf: size = 8174 B / used = 372 B / count = 40 / avg = 9 B

# strcache performance: lookups = 75 / hit rate = 46%
# hash-table stats:
# Load=40/8192=0%, Rehash=0, Collisions=0/75=0%
# Finished Make data base on Fri May 06 22:25:39 2022

 
